This is pdfTeX, Version 3.14159265-2.6-1.40.16 (MiKTeX 2.9 64-bit) (preloaded format=pdflatex 2015.10.28)  3 AUG 2016 18:43
entering extended mode
**dokument.tex
(dokument.tex
LaTeX2e <2015/01/01> patch level 2
Babel <3.9m> and hyphenation patterns for 69 languages loaded.
("C:\Program Files\MiKTeX 2.9\tex\latex\koma-script\scrreprt.cls"
Document Class: scrreprt 2015/10/03 v3.19a KOMA-Script document class (report)
("C:\Program Files\MiKTeX 2.9\tex\latex\koma-script\scrkbase.sty"
Package: scrkbase 2015/10/03 v3.19a KOMA-Script package (KOMA-Script-dependent 
basics and keyval usage)

("C:\Program Files\MiKTeX 2.9\tex\latex\koma-script\scrbase.sty"
Package: scrbase 2015/10/03 v3.19a KOMA-Script package (KOMA-Script-independent
 basics and keyval usage)

("C:\Program Files\MiKTeX 2.9\tex\latex\graphics\keyval.sty"
Package: keyval 2014/10/28 v1.15 key=value parser (DPC)
\KV@toks@=\toks14
)
("C:\Program Files\MiKTeX 2.9\tex\latex\koma-script\scrlfile.sty"
Package: scrlfile 2015/10/03 v3.19a KOMA-Script package (loading files)

Package scrlfile, 2015/10/03 v3.19a KOMA-Script package (loading files)
                  Copyright (C) Markus Kohm

))) ("C:\Program Files\MiKTeX 2.9\tex\latex\koma-script\tocbasic.sty"
Package: tocbasic 2015/10/03 v3.19a KOMA-Script package (handling toc-files)
)
Package tocbasic Info: omitting babel extension for `toc'
(tocbasic)             because of feature `nobabel' available
(tocbasic)             for `toc' on input line 125.
Package tocbasic Info: omitting babel extension for `lof'
(tocbasic)             because of feature `nobabel' available
(tocbasic)             for `lof' on input line 126.
Package tocbasic Info: omitting babel extension for `lot'
(tocbasic)             because of feature `nobabel' available
(tocbasic)             for `lot' on input line 127.
Package tocbasic Info: defining new hook before heading of `' on input line 158
8.
Class scrreprt Info: File `scrsize12pt.clo' used to setup font sizes on input l
ine 2248.

("C:\Program Files\MiKTeX 2.9\tex\latex\koma-script\scrsize12pt.clo"
File: scrsize12pt.clo 2015/10/03 v3.19a KOMA-Script font size class option (12p
t)
)
("C:\Program Files\MiKTeX 2.9\tex\latex\koma-script\typearea.sty"
Package: typearea 2015/10/03 v3.19a KOMA-Script package (type area)

Package typearea, 2015/10/03 v3.19a KOMA-Script package (type area)
                  Copyright (C) Frank Neukam, 1992-1994
                  Copyright (C) Markus Kohm, 1994-

\ta@bcor=\skip41
\ta@div=\count79
\ta@hblk=\skip42
\ta@vblk=\skip43
\ta@temp=\skip44
\footheight=\skip45
Package typearea Info: These are the values describing the layout:
(typearea)             DIV  = 15
(typearea)             BCOR = 48.36967pt
(typearea)             \paperwidth      = 597.50793pt
(typearea)              \textwidth      = 439.31064pt
(typearea)              DIV departure   = -4%
(typearea)              \evensidemargin = 31.01349pt
(typearea)              \oddsidemargin  = 31.01349pt
(typearea)             \paperheight     = 845.04694pt
(typearea)              \textheight     = 592.0pt
(typearea)              \topmargin      = -15.93353pt
(typearea)              \headheight     = 18.125pt
(typearea)              \headsep        = 21.75pt
(typearea)              \topskip        = 12.0pt
(typearea)              \footskip       = 50.75pt
(typearea)              \baselineskip   = 14.5pt
(typearea)              on input line 1509.
)
\c@part=\count80
\c@chapter=\count81
\c@section=\count82
\c@subsection=\count83
\c@subsubsection=\count84
\c@paragraph=\count85
\c@subparagraph=\count86
LaTeX Info: Redefining \textsubscript on input line 4652.
\abovecaptionskip=\skip46
\belowcaptionskip=\skip47
\c@pti@nb@sid@b@x=\box26
\c@figure=\count87
\c@table=\count88
\bibindent=\dimen102
) ("C:\Program Files\MiKTeX 2.9\tex\latex\srcltx\srcltx.sty"
Package: srcltx 2006/11/12 v1.6 Source specials for inverse search in DVI files


("C:\Program Files\MiKTeX 2.9\tex\latex\base\ifthen.sty"
Package: ifthen 2014/09/29 v1.1c Standard LaTeX ifthen package (DPC)
)
\src@lastline=\count89
\src@new@everypar=\toks15
\src@new@output=\toks16
)
("C:\Program Files\MiKTeX 2.9\tex\latex\base\inputenc.sty"
Package: inputenc 2015/03/17 v1.2c Input encoding file
\inpenc@prehook=\toks17
\inpenc@posthook=\toks18
Package srcltx Info: Expanded filename `utf8.def' to `utf8.def.tex' on input li
ne 173.

:<+ utf8.def.tex
("C:\Program Files\MiKTeX 2.9\tex\latex\base\utf8.def"
File: utf8.def 2015/06/27 v1.1n UTF-8 support for inputenc
Now handling font encoding OML ...
... no UTF-8 mapping file for font encoding OML
Now handling font encoding T1 ...
... processing UTF-8 mapping file for font encoding T1

("C:\Program Files\MiKTeX 2.9\tex\latex\base\t1enc.dfu"
File: t1enc.dfu 2015/06/27 v1.1n UTF-8 support for inputenc
   defining Unicode char U+00A1 (decimal 161)
   defining Unicode char U+00A3 (decimal 163)
   defining Unicode char U+00AB (decimal 171)
   defining Unicode char U+00BB (decimal 187)
   defining Unicode char U+00BF (decimal 191)
   defining Unicode char U+00C0 (decimal 192)
   defining Unicode char U+00C1 (decimal 193)
   defining Unicode char U+00C2 (decimal 194)
   defining Unicode char U+00C3 (decimal 195)
   defining Unicode char U+00C4 (decimal 196)
   defining Unicode char U+00C5 (decimal 197)
   defining Unicode char U+00C6 (decimal 198)
   defining Unicode char U+00C7 (decimal 199)
   defining Unicode char U+00C8 (decimal 200)
   defining Unicode char U+00C9 (decimal 201)
   defining Unicode char U+00CA (decimal 202)
   defining Unicode char U+00CB (decimal 203)
   defining Unicode char U+00CC (decimal 204)
   defining Unicode char U+00CD (decimal 205)
   defining Unicode char U+00CE (decimal 206)
   defining Unicode char U+00CF (decimal 207)
   defining Unicode char U+00D0 (decimal 208)
   defining Unicode char U+00D1 (decimal 209)
   defining Unicode char U+00D2 (decimal 210)
   defining Unicode char U+00D3 (decimal 211)
   defining Unicode char U+00D4 (decimal 212)
   defining Unicode char U+00D5 (decimal 213)
   defining Unicode char U+00D6 (decimal 214)
   defining Unicode char U+00D8 (decimal 216)
   defining Unicode char U+00D9 (decimal 217)
   defining Unicode char U+00DA (decimal 218)
   defining Unicode char U+00DB (decimal 219)
   defining Unicode char U+00DC (decimal 220)
   defining Unicode char U+00DD (decimal 221)
   defining Unicode char U+00DE (decimal 222)
   defining Unicode char U+00DF (decimal 223)
   defining Unicode char U+00E0 (decimal 224)
   defining Unicode char U+00E1 (decimal 225)
   defining Unicode char U+00E2 (decimal 226)
   defining Unicode char U+00E3 (decimal 227)
   defining Unicode char U+00E4 (decimal 228)
   defining Unicode char U+00E5 (decimal 229)
   defining Unicode char U+00E6 (decimal 230)
   defining Unicode char U+00E7 (decimal 231)
   defining Unicode char U+00E8 (decimal 232)
   defining Unicode char U+00E9 (decimal 233)
   defining Unicode char U+00EA (decimal 234)
   defining Unicode char U+00EB (decimal 235)
   defining Unicode char U+00EC (decimal 236)
   defining Unicode char U+00ED (decimal 237)
   defining Unicode char U+00EE (decimal 238)
   defining Unicode char U+00EF (decimal 239)
   defining Unicode char U+00F0 (decimal 240)
   defining Unicode char U+00F1 (decimal 241)
   defining Unicode char U+00F2 (decimal 242)
   defining Unicode char U+00F3 (decimal 243)
   defining Unicode char U+00F4 (decimal 244)
   defining Unicode char U+00F5 (decimal 245)
   defining Unicode char U+00F6 (decimal 246)
   defining Unicode char U+00F8 (decimal 248)
   defining Unicode char U+00F9 (decimal 249)
   defining Unicode char U+00FA (decimal 250)
   defining Unicode char U+00FB (decimal 251)
   defining Unicode char U+00FC (decimal 252)
   defining Unicode char U+00FD (decimal 253)
   defining Unicode char U+00FE (decimal 254)
   defining Unicode char U+00FF (decimal 255)
   defining Unicode char U+0102 (decimal 258)
   defining Unicode char U+0103 (decimal 259)
   defining Unicode char U+0104 (decimal 260)
   defining Unicode char U+0105 (decimal 261)
   defining Unicode char U+0106 (decimal 262)
   defining Unicode char U+0107 (decimal 263)
   defining Unicode char U+010C (decimal 268)
   defining Unicode char U+010D (decimal 269)
   defining Unicode char U+010E (decimal 270)
   defining Unicode char U+010F (decimal 271)
   defining Unicode char U+0110 (decimal 272)
   defining Unicode char U+0111 (decimal 273)
   defining Unicode char U+0118 (decimal 280)
   defining Unicode char U+0119 (decimal 281)
   defining Unicode char U+011A (decimal 282)
   defining Unicode char U+011B (decimal 283)
   defining Unicode char U+011E (decimal 286)
   defining Unicode char U+011F (decimal 287)
   defining Unicode char U+0130 (decimal 304)
   defining Unicode char U+0131 (decimal 305)
   defining Unicode char U+0132 (decimal 306)
   defining Unicode char U+0133 (decimal 307)
   defining Unicode char U+0139 (decimal 313)
   defining Unicode char U+013A (decimal 314)
   defining Unicode char U+013D (decimal 317)
   defining Unicode char U+013E (decimal 318)
   defining Unicode char U+0141 (decimal 321)
   defining Unicode char U+0142 (decimal 322)
   defining Unicode char U+0143 (decimal 323)
   defining Unicode char U+0144 (decimal 324)
   defining Unicode char U+0147 (decimal 327)
   defining Unicode char U+0148 (decimal 328)
   defining Unicode char U+014A (decimal 330)
   defining Unicode char U+014B (decimal 331)
   defining Unicode char U+0150 (decimal 336)
   defining Unicode char U+0151 (decimal 337)
   defining Unicode char U+0152 (decimal 338)
   defining Unicode char U+0153 (decimal 339)
   defining Unicode char U+0154 (decimal 340)
   defining Unicode char U+0155 (decimal 341)
   defining Unicode char U+0158 (decimal 344)
   defining Unicode char U+0159 (decimal 345)
   defining Unicode char U+015A (decimal 346)
   defining Unicode char U+015B (decimal 347)
   defining Unicode char U+015E (decimal 350)
   defining Unicode char U+015F (decimal 351)
   defining Unicode char U+0160 (decimal 352)
   defining Unicode char U+0161 (decimal 353)
   defining Unicode char U+0162 (decimal 354)
   defining Unicode char U+0163 (decimal 355)
   defining Unicode char U+0164 (decimal 356)
   defining Unicode char U+0165 (decimal 357)
   defining Unicode char U+016E (decimal 366)
   defining Unicode char U+016F (decimal 367)
   defining Unicode char U+0170 (decimal 368)
   defining Unicode char U+0171 (decimal 369)
   defining Unicode char U+0178 (decimal 376)
   defining Unicode char U+0179 (decimal 377)
   defining Unicode char U+017A (decimal 378)
   defining Unicode char U+017B (decimal 379)
   defining Unicode char U+017C (decimal 380)
   defining Unicode char U+017D (decimal 381)
   defining Unicode char U+017E (decimal 382)
   defining Unicode char U+200C (decimal 8204)
   defining Unicode char U+2013 (decimal 8211)
   defining Unicode char U+2014 (decimal 8212)
   defining Unicode char U+2018 (decimal 8216)
   defining Unicode char U+2019 (decimal 8217)
   defining Unicode char U+201A (decimal 8218)
   defining Unicode char U+201C (decimal 8220)
   defining Unicode char U+201D (decimal 8221)
   defining Unicode char U+201E (decimal 8222)
   defining Unicode char U+2030 (decimal 8240)
   defining Unicode char U+2031 (decimal 8241)
   defining Unicode char U+2039 (decimal 8249)
   defining Unicode char U+203A (decimal 8250)
   defining Unicode char U+2423 (decimal 9251)
)
Now handling font encoding OT1 ...
... processing UTF-8 mapping file for font encoding OT1

("C:\Program Files\MiKTeX 2.9\tex\latex\base\ot1enc.dfu"
File: ot1enc.dfu 2015/06/27 v1.1n UTF-8 support for inputenc
   defining Unicode char U+00A1 (decimal 161)
   defining Unicode char U+00A3 (decimal 163)
   defining Unicode char U+00B8 (decimal 184)
   defining Unicode char U+00BF (decimal 191)
   defining Unicode char U+00C5 (decimal 197)
   defining Unicode char U+00C6 (decimal 198)
   defining Unicode char U+00D8 (decimal 216)
   defining Unicode char U+00DF (decimal 223)
   defining Unicode char U+00E6 (decimal 230)
   defining Unicode char U+00EC (decimal 236)
   defining Unicode char U+00ED (decimal 237)
   defining Unicode char U+00EE (decimal 238)
   defining Unicode char U+00EF (decimal 239)
   defining Unicode char U+00F8 (decimal 248)
   defining Unicode char U+0131 (decimal 305)
   defining Unicode char U+0141 (decimal 321)
   defining Unicode char U+0142 (decimal 322)
   defining Unicode char U+0152 (decimal 338)
   defining Unicode char U+0153 (decimal 339)
   defining Unicode char U+2013 (decimal 8211)
   defining Unicode char U+2014 (decimal 8212)
   defining Unicode char U+2018 (decimal 8216)
   defining Unicode char U+2019 (decimal 8217)
   defining Unicode char U+201C (decimal 8220)
   defining Unicode char U+201D (decimal 8221)
)
Now handling font encoding OMS ...
... processing UTF-8 mapping file for font encoding OMS

("C:\Program Files\MiKTeX 2.9\tex\latex\base\omsenc.dfu"
File: omsenc.dfu 2015/06/27 v1.1n UTF-8 support for inputenc
   defining Unicode char U+00A7 (decimal 167)
   defining Unicode char U+00B6 (decimal 182)
   defining Unicode char U+00B7 (decimal 183)
   defining Unicode char U+2020 (decimal 8224)
   defining Unicode char U+2021 (decimal 8225)
   defining Unicode char U+2022 (decimal 8226)
)
Now handling font encoding OMX ...
... no UTF-8 mapping file for font encoding OMX
Now handling font encoding U ...
... no UTF-8 mapping file for font encoding U
   defining Unicode char U+00A9 (decimal 169)
   defining Unicode char U+00AA (decimal 170)
   defining Unicode char U+00AE (decimal 174)
   defining Unicode char U+00BA (decimal 186)
   defining Unicode char U+02C6 (decimal 710)
   defining Unicode char U+02DC (decimal 732)
   defining Unicode char U+200C (decimal 8204)
   defining Unicode char U+2026 (decimal 8230)
   defining Unicode char U+2122 (decimal 8482)
   defining Unicode char U+2423 (decimal 9251)
)
:<-
) ("C:\Program Files\MiKTeX 2.9\tex\latex\base\fontenc.sty"
Package: fontenc 2005/09/27 v1.99g Standard LaTeX package

("C:\Program Files\MiKTeX 2.9\tex\latex\base\t1enc.def"
File: t1enc.def 2005/09/27 v1.99g Standard LaTeX file
LaTeX Font Info:    Redeclaring font encoding T1 on input line 48.
))
("C:\Program Files\MiKTeX 2.9\tex\latex\lm\lmodern.sty"
Package: lmodern 2009/10/30 v1.6 Latin Modern Fonts
LaTeX Font Info:    Overwriting symbol font `operators' in version `normal'
(Font)                  OT1/cmr/m/n --> OT1/lmr/m/n on input line 22.
LaTeX Font Info:    Overwriting symbol font `letters' in version `normal'
(Font)                  OML/cmm/m/it --> OML/lmm/m/it on input line 23.
LaTeX Font Info:    Overwriting symbol font `symbols' in version `normal'
(Font)                  OMS/cmsy/m/n --> OMS/lmsy/m/n on input line 24.
LaTeX Font Info:    Overwriting symbol font `largesymbols' in version `normal'
(Font)                  OMX/cmex/m/n --> OMX/lmex/m/n on input line 25.
LaTeX Font Info:    Overwriting symbol font `operators' in version `bold'
(Font)                  OT1/cmr/bx/n --> OT1/lmr/bx/n on input line 26.
LaTeX Font Info:    Overwriting symbol font `letters' in version `bold'
(Font)                  OML/cmm/b/it --> OML/lmm/b/it on input line 27.
LaTeX Font Info:    Overwriting symbol font `symbols' in version `bold'
(Font)                  OMS/cmsy/b/n --> OMS/lmsy/b/n on input line 28.
LaTeX Font Info:    Overwriting symbol font `largesymbols' in version `bold'
(Font)                  OMX/cmex/m/n --> OMX/lmex/m/n on input line 29.
LaTeX Font Info:    Overwriting math alphabet `\mathbf' in version `normal'
(Font)                  OT1/cmr/bx/n --> OT1/lmr/bx/n on input line 31.
LaTeX Font Info:    Overwriting math alphabet `\mathsf' in version `normal'
(Font)                  OT1/cmss/m/n --> OT1/lmss/m/n on input line 32.
LaTeX Font Info:    Overwriting math alphabet `\mathit' in version `normal'
(Font)                  OT1/cmr/m/it --> OT1/lmr/m/it on input line 33.
LaTeX Font Info:    Overwriting math alphabet `\mathtt' in version `normal'
(Font)                  OT1/cmtt/m/n --> OT1/lmtt/m/n on input line 34.
LaTeX Font Info:    Overwriting math alphabet `\mathbf' in version `bold'
(Font)                  OT1/cmr/bx/n --> OT1/lmr/bx/n on input line 35.
LaTeX Font Info:    Overwriting math alphabet `\mathsf' in version `bold'
(Font)                  OT1/cmss/bx/n --> OT1/lmss/bx/n on input line 36.
LaTeX Font Info:    Overwriting math alphabet `\mathit' in version `bold'
(Font)                  OT1/cmr/bx/it --> OT1/lmr/bx/it on input line 37.
LaTeX Font Info:    Overwriting math alphabet `\mathtt' in version `bold'
(Font)                  OT1/cmtt/m/n --> OT1/lmtt/m/n on input line 38.
)
("C:\Program Files\MiKTeX 2.9\tex\latex\url\url.sty"
\Urlmuskip=\muskip10
Package: url 2013/09/16  ver 3.4  Verb mode for urls, etc.
)
("C:\Program Files\MiKTeX 2.9\tex\latex\graphics\graphicx.sty"
Package: graphicx 2014/10/28 v1.0g Enhanced LaTeX Graphics (DPC,SPQR)

("C:\Program Files\MiKTeX 2.9\tex\latex\graphics\graphics.sty"
Package: graphics 2014/10/28 v1.0p Standard LaTeX Graphics (DPC,SPQR)

("C:\Program Files\MiKTeX 2.9\tex\latex\graphics\trig.sty"
Package: trig 1999/03/16 v1.09 sin cos tan (DPC)
)
("C:\Program Files\MiKTeX 2.9\tex\latex\00miktex\graphics.cfg"
File: graphics.cfg 2007/01/18 v1.5 graphics configuration of teTeX/TeXLive
)
Package graphics Info: Driver file: pdftex.def on input line 94.
Package srcltx Info: Expanded filename `pdftex.def' to `pdftex.def.tex' on inpu
t line 95.

:<+ pdftex.def.tex
("C:\Program Files\MiKTeX 2.9\tex\latex\pdftex-def\pdftex.def"
File: pdftex.def 2011/05/27 v0.06d Graphics/color for pdfTeX

("C:\Program Files\MiKTeX 2.9\tex\generic\oberdiek\infwarerr.sty"
Package: infwarerr 2010/04/08 v1.3 Providing info/warning/error messages (HO)
)
("C:\Program Files\MiKTeX 2.9\tex\generic\oberdiek\ltxcmds.sty"
Package: ltxcmds 2011/11/09 v1.22 LaTeX kernel commands for general use (HO)
)
\Gread@gobject=\count90
)
:<-
)
\Gin@req@height=\dimen103
\Gin@req@width=\dimen104
) ("C:\Program Files\MiKTeX 2.9\tex\latex\koma-script\scrpage2.sty"
Package: scrpage2 2015/10/03 v3.19a KOMA-Script package (page head and foot)
LaTeX Info: Redefining \pagemark on input line 174.
)
("C:\Program Files\MiKTeX 2.9\tex\latex\setspace\setspace.sty"
Package: setspace 2011/12/19 v6.7a set line spacing
)
("C:\Program Files\MiKTeX 2.9\tex\latex\hyperref\hyperref.sty"
Package: hyperref 2012/11/06 v6.83m Hypertext links for LaTeX

("C:\Program Files\MiKTeX 2.9\tex\generic\oberdiek\hobsub-hyperref.sty"
Package: hobsub-hyperref 2012/04/25 v1.12 Bundle oberdiek, subset hyperref (HO)


("C:\Program Files\MiKTeX 2.9\tex\generic\oberdiek\hobsub-generic.sty"
Package: hobsub-generic 2012/04/25 v1.12 Bundle oberdiek, subset generic (HO)
Package: hobsub 2012/04/25 v1.12 Construct package bundles (HO)
Package hobsub Info: Skipping package `infwarerr' (already loaded).
Package hobsub Info: Skipping package `ltxcmds' (already loaded).
Package: ifluatex 2010/03/01 v1.3 Provides the ifluatex switch (HO)
Package ifluatex Info: LuaTeX not detected.
Package: ifvtex 2010/03/01 v1.5 Detect VTeX and its facilities (HO)
Package ifvtex Info: VTeX not detected.
Package: intcalc 2007/09/27 v1.1 Expandable calculations with integers (HO)
Package: ifpdf 2011/01/30 v2.3 Provides the ifpdf switch (HO)
Package ifpdf Info: pdfTeX in PDF mode is detected.
Package: etexcmds 2011/02/16 v1.5 Avoid name clashes with e-TeX commands (HO)
Package etexcmds Info: Could not find \expanded.
(etexcmds)             That can mean that you are not using pdfTeX 1.50 or
(etexcmds)             that some package has redefined \expanded.
(etexcmds)             In the latter case, load this package earlier.
Package: kvsetkeys 2012/04/25 v1.16 Key value parser (HO)
Package: kvdefinekeys 2011/04/07 v1.3 Define keys (HO)
Package: pdftexcmds 2011/11/29 v0.20 Utility functions of pdfTeX for LuaTeX (HO
)
Package pdftexcmds Info: LuaTeX not detected.
Package pdftexcmds Info: \pdf@primitive is available.
Package pdftexcmds Info: \pdf@ifprimitive is available.
Package pdftexcmds Info: \pdfdraftmode found.
Package: pdfescape 2011/11/25 v1.13 Implements pdfTeX's escape features (HO)
Package: bigintcalc 2012/04/08 v1.3 Expandable calculations on big integers (HO
)
Package: bitset 2011/01/30 v1.1 Handle bit-vector datatype (HO)
Package: uniquecounter 2011/01/30 v1.2 Provide unlimited unique counter (HO)
)
Package hobsub Info: Skipping package `hobsub' (already loaded).
Package: letltxmacro 2010/09/02 v1.4 Let assignment for LaTeX macros (HO)
Package: hopatch 2011/06/24 v1.1 Wrapper for package hooks (HO)
Package: xcolor-patch 2011/01/30 xcolor patch
Package: atveryend 2011/06/30 v1.8 Hooks at the very end of document (HO)
Package atveryend Info: \enddocument detected (standard20110627).
Package: atbegshi 2011/10/05 v1.16 At begin shipout hook (HO)
Package: refcount 2011/10/16 v3.4 Data extraction from label references (HO)
Package: hycolor 2011/01/30 v1.7 Color options for hyperref/bookmark (HO)
)
("C:\Program Files\MiKTeX 2.9\tex\generic\ifxetex\ifxetex.sty"
Package: ifxetex 2010/09/12 v0.6 Provides ifxetex conditional
)
("C:\Program Files\MiKTeX 2.9\tex\latex\oberdiek\auxhook.sty"
Package: auxhook 2011/03/04 v1.3 Hooks for auxiliary files (HO)
)
("C:\Program Files\MiKTeX 2.9\tex\latex\oberdiek\kvoptions.sty"
Package: kvoptions 2011/06/30 v3.11 Key value format for package options (HO)
)
\@linkdim=\dimen105
\Hy@linkcounter=\count91
\Hy@pagecounter=\count92
Package srcltx Info: Expanded filename `pd1enc.def' to `pd1enc.def.tex' on inpu
t line 847.

:<+ pd1enc.def.tex
("C:\Program Files\MiKTeX 2.9\tex\latex\hyperref\pd1enc.def"
File: pd1enc.def 2012/11/06 v6.83m Hyperref: PDFDocEncoding definition (HO)
Now handling font encoding PD1 ...
... no UTF-8 mapping file for font encoding PD1
)
:<-
\Hy@SavedSpaceFactor=\count93
("C:\Program Files\MiKTeX 2.9\tex\latex\00miktex\hyperref.cfg"
File: hyperref.cfg 2002/06/06 v1.2 hyperref configuration of TeXLive
)
Package hyperref Info: Option `plainpages' set `false' on input line 4319.
Package hyperref Info: Option `pdfpagelabels' set `true' on input line 4319.
Package hyperref Info: Option `hypertexnames' set `false' on input line 4319.
Package hyperref Info: Hyper figures OFF on input line 4443.
Package hyperref Info: Link nesting OFF on input line 4448.
Package hyperref Info: Hyper index ON on input line 4451.
Package hyperref Info: Plain pages OFF on input line 4458.
Package hyperref Info: Backreferencing OFF on input line 4463.
Package hyperref Info: Implicit mode ON; LaTeX internals redefined.
Package hyperref Info: Bookmarks ON on input line 4688.
\c@Hy@tempcnt=\count94
LaTeX Info: Redefining \url on input line 5041.
\XeTeXLinkMargin=\dimen106
\Fld@menulength=\count95
\Field@Width=\dimen107
\Fld@charsize=\dimen108
Package hyperref Info: Hyper figures OFF on input line 6295.
Package hyperref Info: Link nesting OFF on input line 6300.
Package hyperref Info: Hyper index ON on input line 6303.
Package hyperref Info: backreferencing OFF on input line 6310.
Package hyperref Info: Link coloring OFF on input line 6315.
Package hyperref Info: Link coloring with OCG OFF on input line 6320.
Package hyperref Info: PDF/A mode OFF on input line 6325.
LaTeX Info: Redefining \ref on input line 6365.
LaTeX Info: Redefining \pageref on input line 6369.
\Hy@abspage=\count96
\c@Item=\count97
\c@Hfootnote=\count98
)

Package hyperref Message: Driver (autodetected): hpdftex.

Package srcltx Info: Expanded filename `hpdftex.def' to `hpdftex.def.tex' on in
put line 47.
:<+ hpdftex.def.tex
("C:\Program Files\MiKTeX 2.9\tex\latex\hyperref\hpdftex.def"
File: hpdftex.def 2012/11/06 v6.83m Hyperref driver for pdfTeX
\Fld@listcount=\count99
\c@bookmark@seq@number=\count100

("C:\Program Files\MiKTeX 2.9\tex\latex\oberdiek\rerunfilecheck.sty"
Package: rerunfilecheck 2011/04/15 v1.7 Rerun checks for auxiliary files (HO)
Package uniquecounter Info: New unique counter `rerunfilecheck' on input line 2
82.
)
\Hy@SectionHShift=\skip48
)
:<-
("C:\Program Files\MiKTeX 2.9\tex\latex\amsmath\amsmath.sty"
Package: amsmath 2013/01/14 v2.14 AMS math features
\@mathmargin=\skip49

For additional information on amsmath, use the `?' option.
("C:\Program Files\MiKTeX 2.9\tex\latex\amsmath\amstext.sty"
Package: amstext 2000/06/29 v2.01

("C:\Program Files\MiKTeX 2.9\tex\latex\amsmath\amsgen.sty"
File: amsgen.sty 1999/11/30 v2.0
\@emptytoks=\toks19
\ex@=\dimen109
))
("C:\Program Files\MiKTeX 2.9\tex\latex\amsmath\amsbsy.sty"
Package: amsbsy 1999/11/29 v1.2d
\pmbraise@=\dimen110
)
("C:\Program Files\MiKTeX 2.9\tex\latex\amsmath\amsopn.sty"
Package: amsopn 1999/12/14 v2.01 operator names
)
\inf@bad=\count101
LaTeX Info: Redefining \frac on input line 210.
\uproot@=\count102
\leftroot@=\count103
LaTeX Info: Redefining \overline on input line 306.
\classnum@=\count104
\DOTSCASE@=\count105
LaTeX Info: Redefining \ldots on input line 378.
LaTeX Info: Redefining \dots on input line 381.
LaTeX Info: Redefining \cdots on input line 466.
\Mathstrutbox@=\box27
\strutbox@=\box28
\big@size=\dimen111
LaTeX Font Info:    Redeclaring font encoding OML on input line 566.
LaTeX Font Info:    Redeclaring font encoding OMS on input line 567.
\macc@depth=\count106
\c@MaxMatrixCols=\count107
\dotsspace@=\muskip11
\c@parentequation=\count108
\dspbrk@lvl=\count109
\tag@help=\toks20
\row@=\count110
\column@=\count111
\maxfields@=\count112
\andhelp@=\toks21
\eqnshift@=\dimen112
\alignsep@=\dimen113
\tagshift@=\dimen114
\tagwidth@=\dimen115
\totwidth@=\dimen116
\lineht@=\dimen117
\@envbody=\toks22
\multlinegap=\skip50
\multlinetaggap=\skip51
\mathdisplay@stack=\toks23
LaTeX Info: Redefining \[ on input line 2665.
LaTeX Info: Redefining \] on input line 2666.
)
("C:\Program Files\MiKTeX 2.9\tex\latex\amsfonts\amssymb.sty"
Package: amssymb 2013/01/14 v3.01 AMS font symbols

("C:\Program Files\MiKTeX 2.9\tex\latex\amsfonts\amsfonts.sty"
Package: amsfonts 2013/01/14 v3.01 Basic AMSFonts support
\symAMSa=\mathgroup4
\symAMSb=\mathgroup5
LaTeX Font Info:    Overwriting math alphabet `\mathfrak' in version `bold'
(Font)                  U/euf/m/n --> U/euf/b/n on input line 106.
))
("C:\Program Files\MiKTeX 2.9\tex\latex\tools\bm.sty"
Package: bm 2014/10/28 v1.1c Bold Symbol Support (DPC/FMi)
\symboldoperators=\mathgroup6
\symboldletters=\mathgroup7
\symboldsymbols=\mathgroup8
LaTeX Font Info:    Redeclaring math alphabet \mathbf on input line 141.
LaTeX Info: Redefining \bm on input line 207.
)
("C:\Program Files\MiKTeX 2.9\tex\latex\psfrag\psfrag.sty"
Package: psfrag 1998/04/11 v3.04 PSfrag (MCG)
\pfg@pcount=\count113
\pfg@scount=\count114
\pfg@temp=\write3
)
("C:\Program Files\MiKTeX 2.9\tex\latex\tools\array.sty"
Package: array 2014/10/28 v2.4c Tabular extension package (FMi)
\col@sep=\dimen118
\extrarowheight=\dimen119
\NC@list=\toks24
\extratabsurround=\skip52
\backup@length=\skip53
)
("C:\Program Files\MiKTeX 2.9\tex\latex\caption\caption.sty"
Package: caption 2015/09/17 v3.3-111 Customizing captions (AR)

("C:\Program Files\MiKTeX 2.9\tex\latex\caption\caption3.sty"
Package: caption3 2015/09/20 v1.7-115 caption3 kernel (AR)
Package caption3 Info: TeX engine: e-TeX on input line 57.
\captionmargin=\dimen120
\captionmargin@=\dimen121
\captionwidth=\dimen122
\caption@tempdima=\dimen123
\caption@indent=\dimen124
\caption@parindent=\dimen125
\caption@hangindent=\dimen126
)
Package caption Info: KOMA-Script document class.
\c@ContinuedFloat=\count115
Package caption Info: hyperref package is loaded.
)
("C:\Program Files\MiKTeX 2.9\tex\latex\sttools\stfloats.sty"
Package: stfloats 2012/05/29 v1.1 Improve float mechanism and baselineskip sett
ings
\@dblbotnum=\count116
\c@dblbotnumber=\count117
)
("C:\Program Files\MiKTeX 2.9\tex\latex\base\textcomp.sty"
Package: textcomp 2005/09/27 v1.99g Standard LaTeX package
Package textcomp Info: Sub-encoding information:
(textcomp)               5 = only ISO-Adobe without \textcurrency
(textcomp)               4 = 5 + \texteuro
(textcomp)               3 = 4 + \textohm
(textcomp)               2 = 3 + \textestimated + \textcurrency
(textcomp)               1 = TS1 - \textcircled - \t
(textcomp)               0 = TS1 (full)
(textcomp)             Font families with sub-encoding setting implement
(textcomp)             only a restricted character set as indicated.
(textcomp)             Family '?' is the default used for unknown fonts.
(textcomp)             See the documentation for details.
Package textcomp Info: Setting ? sub-encoding to TS1/1 on input line 79.
Package srcltx Info: Expanded filename `ts1enc.def' to `ts1enc.def.tex' on inpu
t line 330.

:<+ ts1enc.def.tex
("C:\Program Files\MiKTeX 2.9\tex\latex\base\ts1enc.def"
File: ts1enc.def 2001/06/05 v3.0e (jk/car/fm) Standard LaTeX file
Now handling font encoding TS1 ...
... processing UTF-8 mapping file for font encoding TS1

("C:\Program Files\MiKTeX 2.9\tex\latex\base\ts1enc.dfu"
File: ts1enc.dfu 2015/06/27 v1.1n UTF-8 support for inputenc
   defining Unicode char U+00A2 (decimal 162)
   defining Unicode char U+00A3 (decimal 163)
   defining Unicode char U+00A4 (decimal 164)
   defining Unicode char U+00A5 (decimal 165)
   defining Unicode char U+00A6 (decimal 166)
   defining Unicode char U+00A7 (decimal 167)
   defining Unicode char U+00A8 (decimal 168)
   defining Unicode char U+00A9 (decimal 169)
   defining Unicode char U+00AA (decimal 170)
   defining Unicode char U+00AC (decimal 172)
   defining Unicode char U+00AE (decimal 174)
   defining Unicode char U+00AF (decimal 175)
   defining Unicode char U+00B0 (decimal 176)
   defining Unicode char U+00B1 (decimal 177)
   defining Unicode char U+00B2 (decimal 178)
   defining Unicode char U+00B3 (decimal 179)
   defining Unicode char U+00B4 (decimal 180)
   defining Unicode char U+00B5 (decimal 181)
   defining Unicode char U+00B6 (decimal 182)
   defining Unicode char U+00B7 (decimal 183)
   defining Unicode char U+00B9 (decimal 185)
   defining Unicode char U+00BA (decimal 186)
   defining Unicode char U+00BC (decimal 188)
   defining Unicode char U+00BD (decimal 189)
   defining Unicode char U+00BE (decimal 190)
   defining Unicode char U+00D7 (decimal 215)
   defining Unicode char U+00F7 (decimal 247)
   defining Unicode char U+0192 (decimal 402)
   defining Unicode char U+02C7 (decimal 711)
   defining Unicode char U+02D8 (decimal 728)
   defining Unicode char U+02DD (decimal 733)
   defining Unicode char U+0E3F (decimal 3647)
   defining Unicode char U+2016 (decimal 8214)
   defining Unicode char U+2020 (decimal 8224)
   defining Unicode char U+2021 (decimal 8225)
   defining Unicode char U+2022 (decimal 8226)
   defining Unicode char U+2030 (decimal 8240)
   defining Unicode char U+2031 (decimal 8241)
   defining Unicode char U+203B (decimal 8251)
   defining Unicode char U+203D (decimal 8253)
   defining Unicode char U+2044 (decimal 8260)
   defining Unicode char U+204E (decimal 8270)
   defining Unicode char U+2052 (decimal 8274)
   defining Unicode char U+20A1 (decimal 8353)
   defining Unicode char U+20A4 (decimal 8356)
   defining Unicode char U+20A6 (decimal 8358)
   defining Unicode char U+20A9 (decimal 8361)
   defining Unicode char U+20AB (decimal 8363)
   defining Unicode char U+20AC (decimal 8364)
   defining Unicode char U+20B1 (decimal 8369)
   defining Unicode char U+2103 (decimal 8451)
   defining Unicode char U+2116 (decimal 8470)
   defining Unicode char U+2117 (decimal 8471)
   defining Unicode char U+211E (decimal 8478)
   defining Unicode char U+2120 (decimal 8480)
   defining Unicode char U+2122 (decimal 8482)
   defining Unicode char U+2126 (decimal 8486)
   defining Unicode char U+2127 (decimal 8487)
   defining Unicode char U+212E (decimal 8494)
   defining Unicode char U+2190 (decimal 8592)
   defining Unicode char U+2191 (decimal 8593)
   defining Unicode char U+2192 (decimal 8594)
   defining Unicode char U+2193 (decimal 8595)
   defining Unicode char U+2329 (decimal 9001)
   defining Unicode char U+232A (decimal 9002)
   defining Unicode char U+2422 (decimal 9250)
   defining Unicode char U+25E6 (decimal 9702)
   defining Unicode char U+25EF (decimal 9711)
   defining Unicode char U+266A (decimal 9834)
))
:<-
LaTeX Info: Redefining \oldstylenums on input line 334.
Package textcomp Info: Setting cmr sub-encoding to TS1/0 on input line 349.
Package textcomp Info: Setting cmss sub-encoding to TS1/0 on input line 350.
Package textcomp Info: Setting cmtt sub-encoding to TS1/0 on input line 351.
Package textcomp Info: Setting cmvtt sub-encoding to TS1/0 on input line 352.
Package textcomp Info: Setting cmbr sub-encoding to TS1/0 on input line 353.
Package textcomp Info: Setting cmtl sub-encoding to TS1/0 on input line 354.
Package textcomp Info: Setting ccr sub-encoding to TS1/0 on input line 355.
Package textcomp Info: Setting ptm sub-encoding to TS1/4 on input line 356.
Package textcomp Info: Setting pcr sub-encoding to TS1/4 on input line 357.
Package textcomp Info: Setting phv sub-encoding to TS1/4 on input line 358.
Package textcomp Info: Setting ppl sub-encoding to TS1/3 on input line 359.
Package textcomp Info: Setting pag sub-encoding to TS1/4 on input line 360.
Package textcomp Info: Setting pbk sub-encoding to TS1/4 on input line 361.
Package textcomp Info: Setting pnc sub-encoding to TS1/4 on input line 362.
Package textcomp Info: Setting pzc sub-encoding to TS1/4 on input line 363.
Package textcomp Info: Setting bch sub-encoding to TS1/4 on input line 364.
Package textcomp Info: Setting put sub-encoding to TS1/5 on input line 365.
Package textcomp Info: Setting uag sub-encoding to TS1/5 on input line 366.
Package textcomp Info: Setting ugq sub-encoding to TS1/5 on input line 367.
Package textcomp Info: Setting ul8 sub-encoding to TS1/4 on input line 368.
Package textcomp Info: Setting ul9 sub-encoding to TS1/4 on input line 369.
Package textcomp Info: Setting augie sub-encoding to TS1/5 on input line 370.
Package textcomp Info: Setting dayrom sub-encoding to TS1/3 on input line 371.
Package textcomp Info: Setting dayroms sub-encoding to TS1/3 on input line 372.

Package textcomp Info: Setting pxr sub-encoding to TS1/0 on input line 373.
Package textcomp Info: Setting pxss sub-encoding to TS1/0 on input line 374.
Package textcomp Info: Setting pxtt sub-encoding to TS1/0 on input line 375.
Package textcomp Info: Setting txr sub-encoding to TS1/0 on input line 376.
Package textcomp Info: Setting txss sub-encoding to TS1/0 on input line 377.
Package textcomp Info: Setting txtt sub-encoding to TS1/0 on input line 378.
Package textcomp Info: Setting lmr sub-encoding to TS1/0 on input line 379.
Package textcomp Info: Setting lmdh sub-encoding to TS1/0 on input line 380.
Package textcomp Info: Setting lmss sub-encoding to TS1/0 on input line 381.
Package textcomp Info: Setting lmssq sub-encoding to TS1/0 on input line 382.
Package textcomp Info: Setting lmvtt sub-encoding to TS1/0 on input line 383.
Package textcomp Info: Setting lmtt sub-encoding to TS1/0 on input line 384.
Package textcomp Info: Setting qhv sub-encoding to TS1/0 on input line 385.
Package textcomp Info: Setting qag sub-encoding to TS1/0 on input line 386.
Package textcomp Info: Setting qbk sub-encoding to TS1/0 on input line 387.
Package textcomp Info: Setting qcr sub-encoding to TS1/0 on input line 388.
Package textcomp Info: Setting qcs sub-encoding to TS1/0 on input line 389.
Package textcomp Info: Setting qpl sub-encoding to TS1/0 on input line 390.
Package textcomp Info: Setting qtm sub-encoding to TS1/0 on input line 391.
Package textcomp Info: Setting qzc sub-encoding to TS1/0 on input line 392.
Package textcomp Info: Setting qhvc sub-encoding to TS1/0 on input line 393.
Package textcomp Info: Setting futs sub-encoding to TS1/4 on input line 394.
Package textcomp Info: Setting futx sub-encoding to TS1/4 on input line 395.
Package textcomp Info: Setting futj sub-encoding to TS1/4 on input line 396.
Package textcomp Info: Setting hlh sub-encoding to TS1/3 on input line 397.
Package textcomp Info: Setting hls sub-encoding to TS1/3 on input line 398.
Package textcomp Info: Setting hlst sub-encoding to TS1/3 on input line 399.
Package textcomp Info: Setting hlct sub-encoding to TS1/5 on input line 400.
Package textcomp Info: Setting hlx sub-encoding to TS1/5 on input line 401.
Package textcomp Info: Setting hlce sub-encoding to TS1/5 on input line 402.
Package textcomp Info: Setting hlcn sub-encoding to TS1/5 on input line 403.
Package textcomp Info: Setting hlcw sub-encoding to TS1/5 on input line 404.
Package textcomp Info: Setting hlcf sub-encoding to TS1/5 on input line 405.
Package textcomp Info: Setting pplx sub-encoding to TS1/3 on input line 406.
Package textcomp Info: Setting pplj sub-encoding to TS1/3 on input line 407.
Package textcomp Info: Setting ptmx sub-encoding to TS1/4 on input line 408.
Package textcomp Info: Setting ptmj sub-encoding to TS1/4 on input line 409.
) ("C:\Program Files\MiKTeX 2.9\tex\latex\tabulary\tabulary.sty"
Package: tabulary 2014/06/11 v0.10 tabulary package (DPC)
\TY@count=\count118
\TY@linewidth=\dimen127
\tymin=\dimen128
\tymax=\dimen129
\TY@tablewidth=\dimen130
)
("C:\Program Files\MiKTeX 2.9\tex\latex\oberdiek\epstopdf.sty"
Package: epstopdf 2010/02/09 v2.5 Conversion with epstopdf on the fly (HO)

("C:\Program Files\MiKTeX 2.9\tex\latex\oberdiek\epstopdf-base.sty"
Package: epstopdf-base 2010/02/09 v2.5 Base part for package epstopdf

("C:\Program Files\MiKTeX 2.9\tex\latex\oberdiek\grfext.sty"
Package: grfext 2010/08/19 v1.1 Manage graphics extensions (HO)
)
Package grfext Info: Graphics extension search list:
(grfext)             [.png,.pdf,.jpg,.mps,.jpeg,.jbig2,.jb2,.PNG,.PDF,.JPG,.JPE
G,.JBIG2,.JB2,.eps]
(grfext)             \AppendGraphicsExtensions on input line 452.
))
("C:\Program Files\MiKTeX 2.9\tex\latex\float\float.sty"
Package: float 2001/11/08 v1.3d Float enhancements (AL)
\c@float@type=\count119
\float@exts=\toks25
\float@box=\box29
\@float@everytoks=\toks26
\@floatcapt=\box30
)
("C:\Program Files\MiKTeX 2.9\tex\latex\nomencl\nomencl.sty"
Package: nomencl 2005/09/22 v4.2 Nomenclature package (LN)
\nomlabelwidth=\dimen131
\nom@tempdim=\dimen132
\nomitemsep=\skip54
)
\@nomenclaturefile=\write4

Writing nomenclature file dokument.nlo
("C:\Program Files\MiKTeX 2.9\tex\latex\ulem\ulem.sty"
\UL@box=\box31
\UL@hyphenbox=\box32
\UL@skip=\skip55
\UL@hook=\toks27
\UL@height=\dimen133
\UL@pe=\count120
\UL@pixel=\dimen134
\ULC@box=\box33
Package: ulem 2012/05/18
\ULdepth=\dimen135
)
\inhaltkl=\box34
\inhalt=\box35

("C:\Program Files\MiKTeX 2.9\tex\latex\booktabs\booktabs.sty"
Package: booktabs 2005/04/14 v1.61803 publication quality tables
\heavyrulewidth=\dimen136
\lightrulewidth=\dimen137
\cmidrulewidth=\dimen138
\belowrulesep=\dimen139
\belowbottomsep=\dimen140
\aboverulesep=\dimen141
\abovetopsep=\dimen142
\cmidrulesep=\dimen143
\cmidrulekern=\dimen144
\defaultaddspace=\dimen145
\@cmidla=\count121
\@cmidlb=\count122
\@aboverulesep=\dimen146
\@belowrulesep=\dimen147
\@thisruleclass=\count123
\@lastruleclass=\count124
\@thisrulewidth=\dimen148
) (dokument.aux

LaTeX Warning: Label `ce_n_5' multiply defined.

)
LaTeX Font Info:    Checking defaults for OML/cmm/m/it on input line 146.
LaTeX Font Info:    ... okay on input line 146.
LaTeX Font Info:    Checking defaults for T1/cmr/m/n on input line 146.
LaTeX Font Info:    ... okay on input line 146.
LaTeX Font Info:    Checking defaults for OT1/cmr/m/n on input line 146.
LaTeX Font Info:    ... okay on input line 146.
LaTeX Font Info:    Checking defaults for OMS/cmsy/m/n on input line 146.
LaTeX Font Info:    ... okay on input line 146.
LaTeX Font Info:    Checking defaults for OMX/cmex/m/n on input line 146.
LaTeX Font Info:    ... okay on input line 146.
LaTeX Font Info:    Checking defaults for U/cmr/m/n on input line 146.
LaTeX Font Info:    ... okay on input line 146.
LaTeX Font Info:    Checking defaults for PD1/pdf/m/n on input line 146.
LaTeX Font Info:    ... okay on input line 146.
LaTeX Font Info:    Checking defaults for TS1/cmr/m/n on input line 146.
LaTeX Font Info:    Try loading font information for TS1+cmr on input line 146.

 ("C:\Program Files\MiKTeX 2.9\tex\latex\base\ts1cmr.fd"
File: ts1cmr.fd 2014/09/29 v2.5h Standard LaTeX font definitions
)
LaTeX Font Info:    ... okay on input line 146.
LaTeX Font Info:    Try loading font information for T1+lmr on input line 146.

("C:\Program Files\MiKTeX 2.9\tex\latex\lm\t1lmr.fd"
File: t1lmr.fd 2009/10/30 v1.6 Font defs for Latin Modern
)
("C:\Program Files\MiKTeX 2.9\tex\context\base\supp-pdf.mkii"
[Loading MPS to PDF converter (version 2006.09.02).]
\scratchcounter=\count125
\scratchdimen=\dimen149
\scratchbox=\box36
\nofMPsegments=\count126
\nofMParguments=\count127
\everyMPshowfont=\toks28
\MPscratchCnt=\count128
\MPscratchDim=\dimen150
\MPnumerator=\count129
\makeMPintoPDFobject=\count130
\everyMPtoPDFconversion=\toks29
)
\AtBeginShipoutBox=\box37
Package hyperref Info: Link coloring OFF on input line 146.
 ("C:\Program Files\MiKTeX 2.9\tex\latex\hyperref\nameref.sty"
Package: nameref 2012/10/27 v2.43 Cross-referencing by name of section

("C:\Program Files\MiKTeX 2.9\tex\generic\oberdiek\gettitlestring.sty"
Package: gettitlestring 2010/12/03 v1.4 Cleanup title references (HO)
)
\c@section@level=\count131
)
LaTeX Info: Redefining \ref on input line 146.
LaTeX Info: Redefining \pageref on input line 146.
LaTeX Info: Redefining \nameref on input line 146.

(dokument.out) (dokument.out)
\@outlinefile=\write5
Package caption Info: Begin \AtBeginDocument code.
Package caption Info: float package is loaded.
Package caption Info: End \AtBeginDocument code.
Package srcltx Info: Expanded filename `titelblatt.tex' to `titelblatt.tex' on 
input line 150.

:<+ titelblatt.tex
(titelblatt.tex <bilder/tui_logo.pdf, id=203, 138.5175pt x 113.42375pt>
File: bilder/tui_logo.pdf Graphic file (type pdf)

<use bilder/tui_logo.pdf>
Package pdftex.def Info: bilder/tui_logo.pdf used on input line 18.
(pdftex.def)             Requested size: 69.25858pt x 56.71173pt.
LaTeX Font Info:    Try loading font information for OT1+lmr on input line 25.
 ("C:\Program Files\MiKTeX 2.9\tex\latex\lm\ot1lmr.fd"
File: ot1lmr.fd 2009/10/30 v1.6 Font defs for Latin Modern
)
LaTeX Font Info:    Try loading font information for OML+lmm on input line 25.
 ("C:\Program Files\MiKTeX 2.9\tex\latex\lm\omllmm.fd"
File: omllmm.fd 2009/10/30 v1.6 Font defs for Latin Modern
)
LaTeX Font Info:    Try loading font information for OMS+lmsy on input line 25.


("C:\Program Files\MiKTeX 2.9\tex\latex\lm\omslmsy.fd"
File: omslmsy.fd 2009/10/30 v1.6 Font defs for Latin Modern
)
LaTeX Font Info:    Try loading font information for OMX+lmex on input line 25.


("C:\Program Files\MiKTeX 2.9\tex\latex\lm\omxlmex.fd"
File: omxlmex.fd 2009/10/30 v1.6 Font defs for Latin Modern
)
LaTeX Font Info:    External font `lmex10' loaded for size
(Font)              <12> on input line 25.
LaTeX Font Info:    External font `lmex10' loaded for size
(Font)              <8> on input line 25.
LaTeX Font Info:    External font `lmex10' loaded for size
(Font)              <6> on input line 25.
LaTeX Font Info:    Try loading font information for U+msa on input line 25.

("C:\Program Files\MiKTeX 2.9\tex\latex\amsfonts\umsa.fd"
File: umsa.fd 2013/01/14 v3.01 AMS symbols A
)
LaTeX Font Info:    Try loading font information for U+msb on input line 25.

("C:\Program Files\MiKTeX 2.9\tex\latex\amsfonts\umsb.fd"
File: umsb.fd 2013/01/14 v3.01 AMS symbols B
)
Overfull \hbox (12.99458pt too wide) in paragraph at lines 25--43
 [][][] 
 []

[1
Non-PDF special ignored!



{C:/Users/Sol/AppData/Local/MiKTeX/2.9/pdftex/config/pdftex.map} <./bilder/tui_
logo.pdf>])
:<-
Package srcltx Info: Expanded filename `vorwort.tex' to `vorwort.tex' on input 
line 151.
:<+ vorwort.tex
(vorwort.tex
LaTeX Font Info:    Try loading font information for T1+lmss on input line 16.
 ("C:\Program Files\MiKTeX 2.9\tex\latex\lm\t1lmss.fd"
File: t1lmss.fd 2009/10/30 v1.6 Font defs for Latin Modern
)
Underfull \hbox (badness 10000) in paragraph at lines 20--21
\T1/lmr/m/it/12 her ad-vice, most of this work would not have been pos-si-ble
 []


Underfull \hbox (badness 7362) in paragraph at lines 20--21
\T1/lmr/m/it/12 bach-e-lor de-gree. They sup-ported a lot through-out my mas-te
r re-search.
 []

)
:<-
Package srcltx Info: Expanded filename `abstract.tex' to `abstract.tex' on inpu
t line 152.
:<+ abstract.tex
(abstract.tex [2] [3


])
:<-
(dokument.toc [1




])
\tf@toc=\write6
 [2]
chapter 1.

Class scrreprt Warning: \float@addtolists detected!
(scrreprt)              Implementation of \float@addtolist became
(scrreprt)              deprecated in KOMA-Script v3.01 2008/11/14 and
(scrreprt)              has been replaced by several more flexible
(scrreprt)              features of package `tocbasic`.
(scrreprt)              Since Version 3.12 support for deprecated
(scrreprt)              \float@addtolist interface has been
(scrreprt)              restricted to only some of the KOMA-Script
(scrreprt)              features and been removed from others.
(scrreprt)              Loading of package `scrhack' may help to
(scrreprt)              avoid this warning, if you are using a
(scrreprt)              a package that still implements the
(scrreprt)              deprecated \float@addtolist interface .

Package srcltx Info: Expanded filename `Introduction.tex' to `Introduction.tex'
 on input line 164.
:<+ Introduction.tex
(Introduction.tex [1




] [2] [3]
LaTeX Font Info:    Try loading font information for TS1+lmr on input line 82.

("C:\Program Files\MiKTeX 2.9\tex\latex\lm\ts1lmr.fd"
File: ts1lmr.fd 2009/10/30 v1.6 Font defs for Latin Modern
) [4] [5] [6]
Package epstopdf Info: Source file: <RC_time.eps>
(epstopdf)                    date: 2016-07-04 15:44:11
(epstopdf)                    size: 13952 bytes
(epstopdf)             Output file: <RC_time-eps-converted-to.pdf>
(epstopdf)                    date: 2016-07-07 17:59:46
(epstopdf)                    size: 5301 bytes
(epstopdf)             Command: <epstopdf --outfile=RC_time-eps-converted-to.pd
f RC_time.eps>
(epstopdf)             \includegraphics on input line 176.
Package epstopdf Info: Output file is already uptodate.

<RC_time-eps-converted-to.pdf, id=406, 559.08875pt x 414.54875pt>
File: RC_time-eps-converted-to.pdf Graphic file (type pdf)

<use RC_time-eps-converted-to.pdf>
Package pdftex.def Info: RC_time-eps-converted-to.pdf used on input line 176.
(pdftex.def)             Requested size: 395.37689pt x 293.16777pt.
Package epstopdf Info: Source file: <RC_freq.eps>
(epstopdf)                    date: 2016-07-27 14:43:25
(epstopdf)                    size: 13930 bytes
(epstopdf)             Output file: <RC_freq-eps-converted-to.pdf>
(epstopdf)                    date: 2016-07-27 16:10:40
(epstopdf)                    size: 4745 bytes
(epstopdf)             Command: <epstopdf --outfile=RC_freq-eps-converted-to.pd
f RC_freq.eps>
(epstopdf)             \includegraphics on input line 182.
Package epstopdf Info: Output file is already uptodate.

<RC_freq-eps-converted-to.pdf, id=407, 567.11874pt x 429.605pt>
File: RC_freq-eps-converted-to.pdf Graphic file (type pdf)

<use RC_freq-eps-converted-to.pdf>
Package pdftex.def Info: RC_freq-eps-converted-to.pdf used on input line 182.
(pdftex.def)             Requested size: 395.37689pt x 299.51527pt.
 [7] [8 <./RC_time-eps-converted-to.pdf>]
Package epstopdf Info: Source file: <RRC_time.eps>
(epstopdf)                    date: 2016-07-04 15:41:58
(epstopdf)                    size: 14110 bytes
(epstopdf)             Output file: <RRC_time-eps-converted-to.pdf>
(epstopdf)                    date: 2016-07-07 17:59:47
(epstopdf)                    size: 5404 bytes
(epstopdf)             Command: <epstopdf --outfile=RRC_time-eps-converted-to.p
df RRC_time.eps>
(epstopdf)             \includegraphics on input line 189.
Package epstopdf Info: Output file is already uptodate.

<RRC_time-eps-converted-to.pdf, id=434, 568.1225pt x 441.65pt>
File: RRC_time-eps-converted-to.pdf Graphic file (type pdf)

<use RRC_time-eps-converted-to.pdf>
Package pdftex.def Info: RRC_time-eps-converted-to.pdf used on input line 189.
(pdftex.def)             Requested size: 395.37689pt x 307.37378pt.
Package epstopdf Info: Source file: <RRC_freq.eps>
(epstopdf)                    date: 2016-07-04 15:41:34
(epstopdf)                    size: 13938 bytes
(epstopdf)             Output file: <RRC_freq-eps-converted-to.pdf>
(epstopdf)                    date: 2016-07-07 17:59:48
(epstopdf)                    size: 4888 bytes
(epstopdf)             Command: <epstopdf --outfile=RRC_freq-eps-converted-to.p
df RRC_freq.eps>
(epstopdf)             \includegraphics on input line 194.
Package epstopdf Info: Output file is already uptodate.

<RRC_freq-eps-converted-to.pdf, id=435, 573.14125pt x 432.61626pt>
File: RRC_freq-eps-converted-to.pdf Graphic file (type pdf)

<use RRC_freq-eps-converted-to.pdf>
Package pdftex.def Info: RRC_freq-eps-converted-to.pdf used on input line 194.
(pdftex.def)             Requested size: 395.37689pt x 298.43953pt.
 [9 <./RC_freq-eps-converted-to.pdf>]
[10 <./RRC_time-eps-converted-to.pdf>]
Package epstopdf Info: Source file: <TIME_comp.eps>
(epstopdf)                    date: 2016-07-04 15:42:43
(epstopdf)                    size: 13181 bytes
(epstopdf)             Output file: <TIME_comp-eps-converted-to.pdf>
(epstopdf)                    date: 2016-07-07 17:59:49
(epstopdf)                    size: 5144 bytes
(epstopdf)             Command: <epstopdf --outfile=TIME_comp-eps-converted-to.
pdf TIME_comp.eps>
(epstopdf)             \includegraphics on input line 211.
Package epstopdf Info: Output file is already uptodate.

<TIME_comp-eps-converted-to.pdf, id=460, 591.20876pt x 432.61626pt>
File: TIME_comp-eps-converted-to.pdf Graphic file (type pdf)

<use TIME_comp-eps-converted-to.pdf>
Package pdftex.def Info: TIME_comp-eps-converted-to.pdf used on input line 211.

(pdftex.def)             Requested size: 395.37689pt x 289.32329pt.
Package epstopdf Info: Source file: <FREQ_comp.eps>
(epstopdf)                    date: 2016-07-04 15:42:22
(epstopdf)                    size: 13139 bytes
(epstopdf)             Output file: <FREQ_comp-eps-converted-to.pdf>
(epstopdf)                    date: 2016-07-07 17:59:49
(epstopdf)                    size: 4544 bytes
(epstopdf)             Command: <epstopdf --outfile=FREQ_comp-eps-converted-to.
pdf FREQ_comp.eps>
(epstopdf)             \includegraphics on input line 216.
Package epstopdf Info: Output file is already uptodate.

<FREQ_comp-eps-converted-to.pdf, id=461, 630.355pt x 478.78876pt>
File: FREQ_comp-eps-converted-to.pdf Graphic file (type pdf)

<use FREQ_comp-eps-converted-to.pdf>
Package pdftex.def Info: FREQ_comp-eps-converted-to.pdf used on input line 216.

(pdftex.def)             Requested size: 395.37689pt x 300.30887pt.
 [11 <./RRC_freq-eps-converted-to.pdf>]
[12 <./TIME_comp-eps-converted-to.pdf>])
:<-
Package srcltx Info: Expanded filename `SISO.tex' to `SISO.tex' on input line 1
65.
:<+ SISO.tex
(SISO.tex [13 <./FREQ_comp-eps-converted-to.pdf>]
chapter 2.
[14


] [15] [16]
Overfull \hbox (20.09595pt too wide) in paragraph at lines 111--112
[]\T1/lmr/m/n/12 The re-ceiver can find the op-ti-mal trans-mit-ted val-ues via
 op-ti-miza-tion task solution[[]].
 []

[17] [18] [19] [20] [21] [22]
Overfull \hbox (10.02321pt too wide) in paragraph at lines 274--275
[]\T1/lmr/m/n/12 The New-ton method so-lu-tion for sys-tem of non-linear equa-t
ion in-cludes two steps[[]]: 
 []

[23]
Overfull \hbox (13.05661pt too wide) in paragraph at lines 300--302
\T1/lmr/m/n/12 We must cal-cu-late par-tial deriva-tive from the $[]\OT1/lmr/bx
/n/12 d$ \T1/lmr/m/n/12 to find the Ja-co-bian ma-trix [].Because
 []

[24] [25] [26]
Overfull \hbox (10.12195pt too wide) in paragraph at lines 400--402
\T1/lmr/m/n/12 pre-vi-ously, to solve the sys-tem of the non-linear equa-tions 
we use the New-ton method.The
 []

[27] [28] [29] [30] [31] [32] [33] [34] [35] [36]
Package epstopdf Info: Source file: <ZF_SER.eps>
(epstopdf)                    date: 2016-07-04 13:02:35
(epstopdf)                    size: 20990 bytes
(epstopdf)             Output file: <ZF_SER-eps-converted-to.pdf>
(epstopdf)                    date: 2016-07-07 17:59:50
(epstopdf)                    size: 7863 bytes
(epstopdf)             Command: <epstopdf --outfile=ZF_SER-eps-converted-to.pdf
 ZF_SER.eps>
(epstopdf)             \includegraphics on input line 755.
Package epstopdf Info: Output file is already uptodate.

<ZF_SER-eps-converted-to.pdf, id=835, 542.025pt x 389.455pt>
File: ZF_SER-eps-converted-to.pdf Graphic file (type pdf)

<use ZF_SER-eps-converted-to.pdf>
Package pdftex.def Info: ZF_SER-eps-converted-to.pdf used on input line 755.
(pdftex.def)             Requested size: 395.37689pt x 284.09773pt.
Package epstopdf Info: Source file: <MF_SER.eps>
(epstopdf)                    date: 2016-07-04 13:21:19
(epstopdf)                    size: 19434 bytes
(epstopdf)             Output file: <MF_SER-eps-converted-to.pdf>
(epstopdf)                    date: 2016-07-07 17:59:51
(epstopdf)                    size: 7457 bytes
(epstopdf)             Command: <epstopdf --outfile=MF_SER-eps-converted-to.pdf
 MF_SER.eps>
(epstopdf)             \includegraphics on input line 761.
Package epstopdf Info: Output file is already uptodate.

<MF_SER-eps-converted-to.pdf, id=836, 588.1975pt x 426.59375pt>
File: MF_SER-eps-converted-to.pdf Graphic file (type pdf)

<use MF_SER-eps-converted-to.pdf>
Package pdftex.def Info: MF_SER-eps-converted-to.pdf used on input line 761.
(pdftex.def)             Requested size: 395.37689pt x 286.74715pt.
 [37] [38 <./ZF_SER-eps-converted-to.pdf>]
[39 <./MF_SER-eps-converted-to.pdf>]
Package epstopdf Info: Source file: <SM_SER.eps>
(epstopdf)                    date: 2016-07-27 16:04:34
(epstopdf)                    size: 19171 bytes
(epstopdf)             Output file: <SM_SER-eps-converted-to.pdf>
(epstopdf)                    date: 2016-07-27 16:10:42
(epstopdf)                    size: 7421 bytes
(epstopdf)             Command: <epstopdf --outfile=SM_SER-eps-converted-to.pdf
 SM_SER.eps>
(epstopdf)             \includegraphics on input line 804.
Package epstopdf Info: Output file is already uptodate.

<SM_SER-eps-converted-to.pdf, id=869, 570.13pt x 453.695pt>
File: SM_SER-eps-converted-to.pdf Graphic file (type pdf)

<use SM_SER-eps-converted-to.pdf>
Package pdftex.def Info: SM_SER-eps-converted-to.pdf used on input line 804.
(pdftex.def)             Requested size: 395.37689pt x 314.6283pt.
Package epstopdf Info: Source file: <SM_RE.eps>
(epstopdf)                    date: 2016-07-27 16:04:40
(epstopdf)                    size: 16656 bytes
(epstopdf)             Output file: <SM_RE-eps-converted-to.pdf>
(epstopdf)                    date: 2016-07-27 16:10:43
(epstopdf)                    size: 5995 bytes
(epstopdf)             Command: <epstopdf --outfile=SM_RE-eps-converted-to.pdf 
SM_RE.eps>
(epstopdf)             \includegraphics on input line 810.
Package epstopdf Info: Output file is already uptodate.

<SM_RE-eps-converted-to.pdf, id=870, 558.085pt x 395.4775pt>
File: SM_RE-eps-converted-to.pdf Graphic file (type pdf)

<use SM_RE-eps-converted-to.pdf>
Package pdftex.def Info: SM_RE-eps-converted-to.pdf used on input line 810.
(pdftex.def)             Requested size: 395.37689pt x 280.18753pt.
 [40] [41 <./SM_SER-eps-converted-to.pdf>]
Package epstopdf Info: Source file: <SM_conv.eps>
(epstopdf)                    date: 2016-07-27 15:02:37
(epstopdf)                    size: 20035 bytes
(epstopdf)             Output file: <SM_conv-eps-converted-to.pdf>
(epstopdf)                    date: 2016-07-27 16:10:44
(epstopdf)                    size: 6677 bytes
(epstopdf)             Command: <epstopdf --outfile=SM_conv-eps-converted-to.pd
f SM_conv.eps>
(epstopdf)             \includegraphics on input line 847.
Package epstopdf Info: Output file is already uptodate.

<SM_conv-eps-converted-to.pdf, id=894, 567.11874pt x 408.52625pt>
File: SM_conv-eps-converted-to.pdf Graphic file (type pdf)

<use SM_conv-eps-converted-to.pdf>
Package pdftex.def Info: SM_conv-eps-converted-to.pdf used on input line 847.
(pdftex.def)             Requested size: 395.37689pt x 284.81944pt.
 [42 <./SM_RE-eps-converted-to.pdf>]
Package epstopdf Info: Source file: <SM_TIME.eps>
(epstopdf)                    date: 2016-07-27 15:03:15
(epstopdf)                    size: 14540 bytes
(epstopdf)             Output file: <SM_TIME-eps-converted-to.pdf>
(epstopdf)                    date: 2016-07-27 16:10:44
(epstopdf)                    size: 4642 bytes
(epstopdf)             Command: <epstopdf --outfile=SM_TIME-eps-converted-to.pd
f SM_TIME.eps>
(epstopdf)             \includegraphics on input line 854.
Package epstopdf Info: Output file is already uptodate.

<SM_TIME-eps-converted-to.pdf, id=908, 421.575pt x 317.185pt>
File: SM_TIME-eps-converted-to.pdf Graphic file (type pdf)

<use SM_TIME-eps-converted-to.pdf>
Package pdftex.def Info: SM_TIME-eps-converted-to.pdf used on input line 854.
(pdftex.def)             Requested size: 395.37689pt x 297.48119pt.
Package epstopdf Info: Source file: <SM_RES.eps>
(epstopdf)                    date: 2016-07-27 15:01:41
(epstopdf)                    size: 17990 bytes
(epstopdf)             Output file: <SM_RES-eps-converted-to.pdf>
(epstopdf)                    date: 2016-07-27 16:10:45
(epstopdf)                    size: 5848 bytes
(epstopdf)             Command: <epstopdf --outfile=SM_RES-eps-converted-to.pdf
 SM_RES.eps>
(epstopdf)             \includegraphics on input line 860.
Package epstopdf Info: Output file is already uptodate.

<SM_RES-eps-converted-to.pdf, id=909, 487.8225pt x 377.41pt>
File: SM_RES-eps-converted-to.pdf Graphic file (type pdf)

<use SM_RES-eps-converted-to.pdf>
Package pdftex.def Info: SM_RES-eps-converted-to.pdf used on input line 860.
(pdftex.def)             Requested size: 395.37689pt x 305.89046pt.
 [43 <./SM_conv-eps-converted-to.pdf>]
[44 <./SM_TIME-eps-converted-to.pdf>] [45 <./SM_RES-eps-converted-to.pdf>]
Package epstopdf Info: Source file: <SM_SISO_FS_SER.eps>
(epstopdf)                    date: 2016-07-29 13:59:15
(epstopdf)                    size: 15971 bytes
(epstopdf)             Output file: <SM_SISO_FS_SER-eps-converted-to.pdf>
(epstopdf)                    date: 2016-07-29 14:38:50
(epstopdf)                    size: 6871 bytes
(epstopdf)             Command: <epstopdf --outfile=SM_SISO_FS_SER-eps-converte
d-to.pdf SM_SISO_FS_SER.eps>
(epstopdf)             \includegraphics on input line 899.
Package epstopdf Info: Output file is already uptodate.

<SM_SISO_FS_SER-eps-converted-to.pdf, id=938, 520.94624pt x 415.5525pt>
File: SM_SISO_FS_SER-eps-converted-to.pdf Graphic file (type pdf)

<use SM_SISO_FS_SER-eps-converted-to.pdf>
Package pdftex.def Info: SM_SISO_FS_SER-eps-converted-to.pdf used on input line
 899.
(pdftex.def)             Requested size: 395.37689pt x 315.38567pt.
Package epstopdf Info: Source file: <SM_SISO_FS_RE.eps>
(epstopdf)                    date: 2016-07-29 11:46:47
(epstopdf)                    size: 17423 bytes
(epstopdf)             Output file: <SM_SISO_FS_RE-eps-converted-to.pdf>
(epstopdf)                    date: 2016-07-29 14:38:51
(epstopdf)                    size: 6835 bytes
(epstopdf)             Command: <epstopdf --outfile=SM_SISO_FS_RE-eps-converted
-to.pdf SM_SISO_FS_RE.eps>
(epstopdf)             \includegraphics on input line 905.
Package epstopdf Info: Output file is already uptodate.

<SM_SISO_FS_RE-eps-converted-to.pdf, id=939, 540.0175pt x 411.5375pt>
File: SM_SISO_FS_RE-eps-converted-to.pdf Graphic file (type pdf)

<use SM_SISO_FS_RE-eps-converted-to.pdf>
Package pdftex.def Info: SM_SISO_FS_RE-eps-converted-to.pdf used on input line 
905.
(pdftex.def)             Requested size: 395.37689pt x 301.31786pt.
 [46] [47 <./SM_SISO_FS_SER-eps-converted-to.pdf>] [48 <./SM_SISO_FS_RE-eps-con
verted-to.pdf>] [49])
:<-
Package srcltx Info: Expanded filename `MIMO.tex' to `MIMO.tex' on input line 1
66.
:<+ MIMO.tex
(MIMO.tex [50]
chapter 3.

Overfull \hbox (35.79216pt too wide) in paragraph at lines 3--5
[]\T1/lmr/m/n/12 In this chap-ter we as-sume the GFDM MIMO sys-tem the flat-fre
quency channel[[]][[]]
 []


Overfull \hbox (8.398pt too wide) in paragraph at lines 13--17
\T1/lmr/m/n/12 third or-der model. The dif-fer-ence be-tween the SISO and MIMO 
case is significant[[]],
 []

[51


] [52] [53]
Overfull \hbox (5.44936pt too wide) in paragraph at lines 81--82
[][]\T1/lmr/m/n/12 Transmitter put in-side the trans-mis-sion block spe-cially 
struc-tured sym-bols. Trans-
 []

[54] [55] [56] [57] [58] [59] [60] [61] [62] [63] [64] [65] [66] [67] [68]
[69] [70] [71] [72] [73] [74] [75] [76] [77]
Package epstopdf Info: Source file: <MIMO_SER_1.eps>
(epstopdf)                    date: 2016-07-30 21:48:06
(epstopdf)                    size: 97747 bytes
(epstopdf)             Output file: <MIMO_SER_1-eps-converted-to.pdf>
(epstopdf)                    date: 2016-07-30 21:50:27
(epstopdf)                    size: 30943 bytes
(epstopdf)             Command: <epstopdf --outfile=MIMO_SER_1-eps-converted-to
.pdf MIMO_SER_1.eps>
(epstopdf)             \includegraphics on input line 952.
Package epstopdf Info: Output file is already uptodate.

<MIMO_SER_1-eps-converted-to.pdf, id=1365, 546.04pt x 395.4775pt>
File: MIMO_SER_1-eps-converted-to.pdf Graphic file (type pdf)

<use MIMO_SER_1-eps-converted-to.pdf>
Package pdftex.def Info: MIMO_SER_1-eps-converted-to.pdf used on input line 952
.
(pdftex.def)             Requested size: 395.37689pt x 286.36082pt.
 [78]
Package epstopdf Info: Source file: <SM_RE_MIMO.eps>
(epstopdf)                    date: 2016-07-30 21:35:27
(epstopdf)                    size: 93158 bytes
(epstopdf)             Output file: <SM_RE_MIMO-eps-converted-to.pdf>
(epstopdf)                    date: 2016-07-30 21:50:28
(epstopdf)                    size: 29187 bytes
(epstopdf)             Command: <epstopdf --outfile=SM_RE_MIMO-eps-converted-to
.pdf SM_RE_MIMO.eps>
(epstopdf)             \includegraphics on input line 957.
Package epstopdf Info: Output file is already uptodate.

<SM_RE_MIMO-eps-converted-to.pdf, id=1373, 589.20125pt x 436.63126pt>
File: SM_RE_MIMO-eps-converted-to.pdf Graphic file (type pdf)

<use SM_RE_MIMO-eps-converted-to.pdf>
Package pdftex.def Info: SM_RE_MIMO-eps-converted-to.pdf used on input line 957
.
(pdftex.def)             Requested size: 395.37689pt x 293.00113pt.
 [79] [80 <./MIMO_SER_1-eps-converted-to.pdf>] [81 <./SM_RE_MIMO-eps-converted-
to.pdf>] [82]
Package epstopdf Info: Source file: <SM_MIMO_SER_ALS.eps>
(epstopdf)                    date: 2016-07-29 12:33:28
(epstopdf)                    size: 14758 bytes
(epstopdf)             Output file: <SM_MIMO_SER_ALS-eps-converted-to.pdf>
(epstopdf)                    date: 2016-07-29 14:38:53
(epstopdf)                    size: 6477 bytes
(epstopdf)             Command: <epstopdf --outfile=SM_MIMO_SER_ALS-eps-convert
ed-to.pdf SM_MIMO_SER_ALS.eps>
(epstopdf)             \includegraphics on input line 1002.
Package epstopdf Info: Output file is already uptodate.

<SM_MIMO_SER_ALS-eps-converted-to.pdf, id=1418, 576.1525pt x 387.4475pt>
File: SM_MIMO_SER_ALS-eps-converted-to.pdf Graphic file (type pdf)

<use SM_MIMO_SER_ALS-eps-converted-to.pdf>
Package pdftex.def Info: SM_MIMO_SER_ALS-eps-converted-to.pdf used on input lin
e 1002.
(pdftex.def)             Requested size: 395.37689pt x 265.89063pt.
Package epstopdf Info: Source file: <SM_MIMO_RE_ALS.eps>
(epstopdf)                    date: 2016-07-29 13:29:22
(epstopdf)                    size: 16081 bytes
(epstopdf)             Output file: <SM_MIMO_RE_ALS-eps-converted-to.pdf>
(epstopdf)                    date: 2016-07-29 14:38:54
(epstopdf)                    size: 6667 bytes
(epstopdf)             Command: <epstopdf --outfile=SM_MIMO_RE_ALS-eps-converte
d-to.pdf SM_MIMO_RE_ALS.eps>
(epstopdf)             \includegraphics on input line 1008.
Package epstopdf Info: Output file is already uptodate.

<SM_MIMO_RE_ALS-eps-converted-to.pdf, id=1419, 559.08875pt x 383.4325pt>
File: SM_MIMO_RE_ALS-eps-converted-to.pdf Graphic file (type pdf)

<use SM_MIMO_RE_ALS-eps-converted-to.pdf>
Package pdftex.def Info: SM_MIMO_RE_ALS-eps-converted-to.pdf used on input line
 1008.
(pdftex.def)             Requested size: 395.37689pt x 271.16245pt.
 [83 <./SM_MIMO_SER_ALS-eps-converted-to.pdf>] [84 <./SM_MIMO_RE_ALS-eps-conver
ted-to.pdf>]
Package epstopdf Info: Source file: <SM_MIMO_SER_N.eps>
(epstopdf)                    date: 2016-07-29 15:34:19
(epstopdf)                    size: 15331 bytes
(epstopdf)             Output file: <SM_MIMO_SER_N-eps-converted-to.pdf>
(epstopdf)                    date: 2016-07-29 16:11:54
(epstopdf)                    size: 7289 bytes
(epstopdf)             Command: <epstopdf --outfile=SM_MIMO_SER_N-eps-converted
-to.pdf SM_MIMO_SER_N.eps>
(epstopdf)             \includegraphics on input line 1020.
Package epstopdf Info: Output file is already uptodate.

<SM_MIMO_SER_N-eps-converted-to.pdf, id=1442, 587.19376pt x 424.58624pt>
File: SM_MIMO_SER_N-eps-converted-to.pdf Graphic file (type pdf)

<use SM_MIMO_SER_N-eps-converted-to.pdf>
Package pdftex.def Info: SM_MIMO_SER_N-eps-converted-to.pdf used on input line 
1020.
(pdftex.def)             Requested size: 395.37689pt x 285.89012pt.
Package epstopdf Info: Source file: <SM_MIMO_RE_N.eps>
(epstopdf)                    date: 2016-07-29 15:57:36
(epstopdf)                    size: 17973 bytes
(epstopdf)             Output file: <SM_MIMO_RE_N-eps-converted-to.pdf>
(epstopdf)                    date: 2016-07-29 16:11:55
(epstopdf)                    size: 7654 bytes
(epstopdf)             Command: <epstopdf --outfile=SM_MIMO_RE_N-eps-converted-
to.pdf SM_MIMO_RE_N.eps>
(epstopdf)             \includegraphics on input line 1026.
Package epstopdf Info: Output file is already uptodate.

<SM_MIMO_RE_N-eps-converted-to.pdf, id=1443, 512.91624pt x 397.485pt>
File: SM_MIMO_RE_N-eps-converted-to.pdf Graphic file (type pdf)

<use SM_MIMO_RE_N-eps-converted-to.pdf>
Package pdftex.def Info: SM_MIMO_RE_N-eps-converted-to.pdf used on input line 1
026.
(pdftex.def)             Requested size: 395.37689pt x 306.39796pt.
 [85 <./SM_MIMO_SER_N-eps-converted-to.pdf>] [86 <./SM_MIMO_RE_N-eps-converted-
to.pdf>] [87])
:<-
Package srcltx Info: Expanded filename `conclusion.tex' to `conclusion.tex' on 
input line 167.
:<+ conclusion.tex
(conclusion.tex [88]
chapter 4.
)
:<-
Package srcltx Info: Expanded filename `acronyms.tex' to `acronyms.tex' on inpu
t line 168.
:<+ acronyms.tex
(acronyms.tex [89


] [90] (dokument.nls))
:<-
Package srcltx Info: Expanded filename `literature.tex' to `literature.tex' on 
input line 169.
:<+ literature.tex
(literature.tex [91




]
:<+ dokument.bbl
(dokument.bbl
chapter without number
[92




]
Underfull \hbox (badness 1360) in paragraph at lines 83--87
\T1/lmr/m/n/12 con-strained op-ti-miza-tion and non-lin-ear equa-tions.  In: \T
1/lmr/m/it/12 Prentice-
 []

[93]
Underfull \hbox (badness 3826) in paragraph at lines 140--144
[][]\T1/lmr/m/sc/12 LIU\T1/lmr/m/n/12 , SHUANGZHE ; \T1/lmr/m/sc/12 TREN-KLER\T
1/lmr/m/n/12 , GOTZ:  HADAMARD,
 []

[94])
:<-
)
:<-
Package srcltx Info: Expanded filename `pictures.tex' to `pictures.tex' on inpu
t line 170.
:<+ pictures.tex
(pictures.tex [95] (dokument.lof [96




])
\tf@lof=\write7
)
:<-
Package srcltx Info: Expanded filename `tables.tex' to `tables.tex' on input li
ne 171.
:<+ tables.tex
(tables.tex [97] (dokument.lot)
\tf@lot=\write8
)
:<-
Package srcltx Info: Expanded filename `thesen.tex' to `thesen.tex' on input li
ne 172.
:<+ thesen.tex
(thesen.tex [98




])
:<-
Package srcltx Info: Expanded filename `abschlusserklaerung.tex' to `abschlusse
rklaerung.tex' on input line 173.
:<+ abschlusserklaerung.tex
(abschlusserklaerung.tex [99


])
:<-

Overfull \hbox (1.24016pt too wide) in paragraph at lines 20--174
[]\T1/lmr/m/n/12 Die vor-liegende Ar-beit habe ich selb-st-stndig ohne Be-nutz
ung an-derer als der angegebe-
 []

Package atveryend Info: Empty hook `BeforeClearDocument' on input line 178.
[100


]
Package atveryend Info: Empty hook `AfterLastShipout' on input line 178.
 (dokument.aux)
Package atveryend Info: Executing hook `AtVeryEndDocument' on input line 178.
Package atveryend Info: Executing hook `AtEndAfterFileList' on input line 178.
Package rerunfilecheck Info: File `dokument.out' has not changed.
(rerunfilecheck)             Checksum: C15036908B4CF724A1205BF020A7E8B5;3721.


LaTeX Warning: There were multiply-defined labels.

Package atveryend Info: Empty hook `AtVeryVeryEnd' on input line 178.
 ) 
Here is how much of TeX's memory you used:
 11892 strings out of 493673
 179200 string characters out of 3143965
 337265 words of memory out of 3000000
 14462 multiletter control sequences out of 15000+200000
 76019 words of font info for 59 fonts, out of 3000000 for 9000
 1025 hyphenation exceptions out of 8191
 42i,21n,66p,1948b,460s stack positions out of 5000i,500n,10000p,200000b,50000s
{C:/Program Files/MiKTeX 2.9/fonts/enc/dvips/lm/lm-rm.enc}{C:/Program Files/M
iKTeX 2.9/fonts/enc/dvips/lm/lm-mathsy.enc}{C:/Program Files/MiKTeX 2.9/fonts/e
nc/dvips/lm/lm-ts1.enc}{C:/Program Files/MiKTeX 2.9/fonts/enc/dvips/lm/lm-mathe
x.enc}{C:/Program Files/MiKTeX 2.9/fonts/enc/dvips/lm/lm-mathit.enc}{C:/Program
 Files/MiKTeX 2.9/fonts/enc/dvips/lm/lm-ec.enc}<C:/Program Files/MiKTeX 2.9/fon
ts/type1/public/lm/lmbx12.pfb><C:/Program Files/MiKTeX 2.9/fonts/type1/public/l
m/lmbx6.pfb><C:/Program Files/MiKTeX 2.9/fonts/type1/public/lm/lmbx8.pfb><C:/Pr
ogram Files/MiKTeX 2.9/fonts/type1/public/lm/lmcsc10.pfb><C:/Program Files/MiKT
eX 2.9/fonts/type1/public/lm/lmex10.pfb><C:/Program Files/MiKTeX 2.9/fonts/type
1/public/lm/lmmi12.pfb><C:/Program Files/MiKTeX 2.9/fonts/type1/public/lm/lmmi6
.pfb><C:/Program Files/MiKTeX 2.9/fonts/type1/public/lm/lmmi8.pfb><C:/Program F
iles/MiKTeX 2.9/fonts/type1/public/lm/lmr12.pfb><C:/Program Files/MiKTeX 2.9/fo
nts/type1/public/lm/lmr17.pfb><C:/Program Files/MiKTeX 2.9/fonts/type1/public/l
m/lmr6.pfb><C:/Program Files/MiKTeX 2.9/fonts/type1/public/lm/lmr8.pfb><C:/Prog
ram Files/MiKTeX 2.9/fonts/type1/public/lm/lmri12.pfb><C:/Program Files/MiKTeX 
2.9/fonts/type1/public/lm/lmro12.pfb><C:/Program Files/MiKTeX 2.9/fonts/type1/p
ublic/lm/lmro8.pfb><C:/Program Files/MiKTeX 2.9/fonts/type1/public/lm/lmssbx10.
pfb><C:/Program Files/MiKTeX 2.9/fonts/type1/public/lm/lmsy10.pfb><C:/Program F
iles/MiKTeX 2.9/fonts/type1/public/lm/lmsy6.pfb><C:/Program Files/MiKTeX 2.9/fo
nts/type1/public/lm/lmsy8.pfb><C:/Program Files/MiKTeX 2.9/fonts/type1/public/a
msfonts/symbols/msbm10.pfb>
Output written on dokument.pdf (105 pages, 905372 bytes).
PDF statistics:
 1748 PDF objects out of 2073 (max. 8388607)
 508 named destinations out of 1000 (max. 500000)
 511 words of extra memory for PDF output out of 10000 (max. 10000000)

